
*** Running vivado
    with args -log z1top_fifo_display_bd_wrapper.vds -m64 -product Vivado -mode batch -messageDb vivado.pb -notrace -source z1top_fifo_display_bd_wrapper.tcl


****** Vivado v2019.1 (64-bit)
  **** SW Build 2552052 on Fri May 24 14:47:09 MDT 2019
  **** IP Build 2548770 on Fri May 24 18:01:18 MDT 2019
    ** Copyright 1986-2019 Xilinx, Inc. All Rights Reserved.

source z1top_fifo_display_bd_wrapper.tcl -notrace
INFO: [IP_Flow 19-234] Refreshing IP repositories
INFO: [IP_Flow 19-1700] Loaded user IP repository '/home/cc/eecs151/sp20/class/eecs151-abm/Downloads/fpga_labs_sp20-master/lab5/digilent_ips'.
INFO: [IP_Flow 19-2313] Loaded Vivado IP repository '/share/instsww/xilinx/Vivado/2019.1/data/ip'.
Command: synth_design -top z1top_fifo_display_bd_wrapper -part xc7z020clg400-1
Starting synth_design
Attempting to get a license for feature 'Synthesis' and/or device 'xc7z020'
INFO: [Common 17-349] Got license for feature 'Synthesis' and/or device 'xc7z020'
INFO: [Device 21-403] Loading part xc7z020clg400-1
INFO: Launching helper process for spawning children vivado processes
INFO: Helper process launched with PID 31629 
---------------------------------------------------------------------------------
Starting RTL Elaboration : Time (s): cpu = 00:00:03 ; elapsed = 00:00:05 . Memory (MB): peak = 1855.926 ; gain = 152.578 ; free physical = 7904 ; free virtual = 16064
---------------------------------------------------------------------------------
INFO: [Synth 8-6157] synthesizing module 'z1top_fifo_display_bd_wrapper' [/home/cc/eecs151/sp20/class/eecs151-abm/Downloads/fpga_labs_sp20-master/lab5/z1top_fifo_display_proj/z1top_fifo_display_proj.srcs/sources_1/bd/z1top_fifo_display_bd/hdl/z1top_fifo_display_bd_wrapper.v:12]
INFO: [Synth 8-6157] synthesizing module 'z1top_fifo_display_bd' [/home/cc/eecs151/sp20/class/eecs151-abm/Downloads/fpga_labs_sp20-master/lab5/z1top_fifo_display_proj/z1top_fifo_display_proj.srcs/sources_1/bd/z1top_fifo_display_bd/synth/z1top_fifo_display_bd.v:13]
INFO: [Synth 8-6157] synthesizing module 'z1top_fifo_display_bd_rgb2dvi_0_0' [/home/cc/eecs151/sp20/class/eecs151-abm/Downloads/fpga_labs_sp20-master/lab5/z1top_fifo_display_proj/z1top_fifo_display_proj.runs/synth_1/.Xil/Vivado-31249-c125m-5.EECS.Berkeley.EDU/realtime/z1top_fifo_display_bd_rgb2dvi_0_0_stub.v:6]
INFO: [Synth 8-6155] done synthesizing module 'z1top_fifo_display_bd_rgb2dvi_0_0' (1#1) [/home/cc/eecs151/sp20/class/eecs151-abm/Downloads/fpga_labs_sp20-master/lab5/z1top_fifo_display_proj/z1top_fifo_display_proj.runs/synth_1/.Xil/Vivado-31249-c125m-5.EECS.Berkeley.EDU/realtime/z1top_fifo_display_bd_rgb2dvi_0_0_stub.v:6]
INFO: [Synth 8-6157] synthesizing module 'z1top_fifo_display_bd_z1top_fifo_display_0_0' [/home/cc/eecs151/sp20/class/eecs151-abm/Downloads/fpga_labs_sp20-master/lab5/z1top_fifo_display_proj/z1top_fifo_display_proj.runs/synth_1/.Xil/Vivado-31249-c125m-5.EECS.Berkeley.EDU/realtime/z1top_fifo_display_bd_z1top_fifo_display_0_0_stub.v:6]
INFO: [Synth 8-6155] done synthesizing module 'z1top_fifo_display_bd_z1top_fifo_display_0_0' (2#1) [/home/cc/eecs151/sp20/class/eecs151-abm/Downloads/fpga_labs_sp20-master/lab5/z1top_fifo_display_proj/z1top_fifo_display_proj.runs/synth_1/.Xil/Vivado-31249-c125m-5.EECS.Berkeley.EDU/realtime/z1top_fifo_display_bd_z1top_fifo_display_0_0_stub.v:6]
INFO: [Synth 8-6155] done synthesizing module 'z1top_fifo_display_bd' (3#1) [/home/cc/eecs151/sp20/class/eecs151-abm/Downloads/fpga_labs_sp20-master/lab5/z1top_fifo_display_proj/z1top_fifo_display_proj.srcs/sources_1/bd/z1top_fifo_display_bd/synth/z1top_fifo_display_bd.v:13]
INFO: [Synth 8-6155] done synthesizing module 'z1top_fifo_display_bd_wrapper' (4#1) [/home/cc/eecs151/sp20/class/eecs151-abm/Downloads/fpga_labs_sp20-master/lab5/z1top_fifo_display_proj/z1top_fifo_display_proj.srcs/sources_1/bd/z1top_fifo_display_bd/hdl/z1top_fifo_display_bd_wrapper.v:12]
---------------------------------------------------------------------------------
Finished RTL Elaboration : Time (s): cpu = 00:00:04 ; elapsed = 00:00:07 . Memory (MB): peak = 1909.688 ; gain = 206.340 ; free physical = 7929 ; free virtual = 16090
---------------------------------------------------------------------------------

Report Check Netlist: 
+------+------------------+-------+---------+-------+------------------+
|      |Item              |Errors |Warnings |Status |Description       |
+------+------------------+-------+---------+-------+------------------+
|1     |multi_driven_nets |      0|        0|Passed |Multi driven nets |
+------+------------------+-------+---------+-------+------------------+
---------------------------------------------------------------------------------
Start Handling Custom Attributes
---------------------------------------------------------------------------------
---------------------------------------------------------------------------------
Finished Handling Custom Attributes : Time (s): cpu = 00:00:04 ; elapsed = 00:00:08 . Memory (MB): peak = 1915.617 ; gain = 212.270 ; free physical = 7929 ; free virtual = 16089
---------------------------------------------------------------------------------
---------------------------------------------------------------------------------
Finished RTL Optimization Phase 1 : Time (s): cpu = 00:00:04 ; elapsed = 00:00:08 . Memory (MB): peak = 1915.617 ; gain = 212.270 ; free physical = 7929 ; free virtual = 16089
---------------------------------------------------------------------------------
INFO: [Project 1-570] Preparing netlist for logic optimization

Processing XDC Constraints
Initializing timing engine
Parsing XDC File [/home/cc/eecs151/sp20/class/eecs151-abm/Downloads/fpga_labs_sp20-master/lab5/z1top_fifo_display_proj/z1top_fifo_display_proj.srcs/sources_1/bd/z1top_fifo_display_bd/ip/z1top_fifo_display_bd_rgb2dvi_0_0/z1top_fifo_display_bd_rgb2dvi_0_0/z1top_fifo_display_bd_rgb2dvi_0_0_in_context.xdc] for cell 'z1top_fifo_display_bd_i/rgb2dvi_0'
Finished Parsing XDC File [/home/cc/eecs151/sp20/class/eecs151-abm/Downloads/fpga_labs_sp20-master/lab5/z1top_fifo_display_proj/z1top_fifo_display_proj.srcs/sources_1/bd/z1top_fifo_display_bd/ip/z1top_fifo_display_bd_rgb2dvi_0_0/z1top_fifo_display_bd_rgb2dvi_0_0/z1top_fifo_display_bd_rgb2dvi_0_0_in_context.xdc] for cell 'z1top_fifo_display_bd_i/rgb2dvi_0'
Parsing XDC File [/home/cc/eecs151/sp20/class/eecs151-abm/Downloads/fpga_labs_sp20-master/lab5/z1top_fifo_display_proj/z1top_fifo_display_proj.srcs/sources_1/bd/z1top_fifo_display_bd/ip/z1top_fifo_display_bd_z1top_fifo_display_0_0/z1top_fifo_display_bd_z1top_fifo_display_0_0/z1top_fifo_display_bd_z1top_fifo_display_0_0_in_context.xdc] for cell 'z1top_fifo_display_bd_i/z1top_fifo_display_0'
Finished Parsing XDC File [/home/cc/eecs151/sp20/class/eecs151-abm/Downloads/fpga_labs_sp20-master/lab5/z1top_fifo_display_proj/z1top_fifo_display_proj.srcs/sources_1/bd/z1top_fifo_display_bd/ip/z1top_fifo_display_bd_z1top_fifo_display_0_0/z1top_fifo_display_bd_z1top_fifo_display_0_0/z1top_fifo_display_bd_z1top_fifo_display_0_0_in_context.xdc] for cell 'z1top_fifo_display_bd_i/z1top_fifo_display_0'
Parsing XDC File [/home/cc/eecs151/sp20/class/eecs151-abm/Downloads/fpga_labs_sp20-master/lab5/constrs/pynq-z1.xdc]
WARNING: [Vivado 12-584] No ports matched 'PMOD_OUT_PIN1'. [/home/cc/eecs151/sp20/class/eecs151-abm/Downloads/fpga_labs_sp20-master/lab5/constrs/pynq-z1.xdc:35]
WARNING: [Vivado 12-584] No ports matched 'PMOD_OUT_PIN2'. [/home/cc/eecs151/sp20/class/eecs151-abm/Downloads/fpga_labs_sp20-master/lab5/constrs/pynq-z1.xdc:36]
WARNING: [Vivado 12-584] No ports matched 'PMOD_OUT_PIN3'. [/home/cc/eecs151/sp20/class/eecs151-abm/Downloads/fpga_labs_sp20-master/lab5/constrs/pynq-z1.xdc:37]
WARNING: [Vivado 12-584] No ports matched 'PMOD_OUT_PIN4'. [/home/cc/eecs151/sp20/class/eecs151-abm/Downloads/fpga_labs_sp20-master/lab5/constrs/pynq-z1.xdc:38]
WARNING: [Vivado 12-584] No ports matched 'PMOD_OUT_PIN7'. [/home/cc/eecs151/sp20/class/eecs151-abm/Downloads/fpga_labs_sp20-master/lab5/constrs/pynq-z1.xdc:39]
WARNING: [Vivado 12-584] No ports matched 'PMOD_OUT_PIN8'. [/home/cc/eecs151/sp20/class/eecs151-abm/Downloads/fpga_labs_sp20-master/lab5/constrs/pynq-z1.xdc:40]
WARNING: [Vivado 12-584] No ports matched 'PMOD_OUT_PIN9'. [/home/cc/eecs151/sp20/class/eecs151-abm/Downloads/fpga_labs_sp20-master/lab5/constrs/pynq-z1.xdc:41]
WARNING: [Vivado 12-584] No ports matched 'PMOD_OUT_PIN10'. [/home/cc/eecs151/sp20/class/eecs151-abm/Downloads/fpga_labs_sp20-master/lab5/constrs/pynq-z1.xdc:42]
Finished Parsing XDC File [/home/cc/eecs151/sp20/class/eecs151-abm/Downloads/fpga_labs_sp20-master/lab5/constrs/pynq-z1.xdc]
WARNING: [Project 1-498] One or more constraints failed evaluation while reading constraint file [/home/cc/eecs151/sp20/class/eecs151-abm/Downloads/fpga_labs_sp20-master/lab5/constrs/pynq-z1.xdc] and the design contains unresolved black boxes. These constraints will be read post-synthesis (as long as their source constraint file is marked as used_in_implementation) and should be applied correctly then. You should review the constraints listed in the file [.Xil/z1top_fifo_display_bd_wrapper_propImpl.xdc] and check the run log file to verify that these constraints were correctly applied.
INFO: [Project 1-236] Implementation specific constraints were found while reading constraint file [/home/cc/eecs151/sp20/class/eecs151-abm/Downloads/fpga_labs_sp20-master/lab5/constrs/pynq-z1.xdc]. These constraints will be ignored for synthesis but will be used in implementation. Impacted constraints are listed in the file [.Xil/z1top_fifo_display_bd_wrapper_propImpl.xdc].
Resolution: To avoid this warning, move constraints listed in [.Xil/z1top_fifo_display_bd_wrapper_propImpl.xdc] to another XDC file and exclude this new file from synthesis with the used_in_synthesis property (File Properties dialog in GUI) and re-run elaboration/synthesis.
Parsing XDC File [/home/cc/eecs151/sp20/class/eecs151-abm/Downloads/fpga_labs_sp20-master/lab5/z1top_fifo_display_proj/z1top_fifo_display_proj.runs/synth_1/dont_touch.xdc]
Finished Parsing XDC File [/home/cc/eecs151/sp20/class/eecs151-abm/Downloads/fpga_labs_sp20-master/lab5/z1top_fifo_display_proj/z1top_fifo_display_proj.runs/synth_1/dont_touch.xdc]
Completed Processing XDC Constraints

Netlist sorting complete. Time (s): cpu = 00:00:00 ; elapsed = 00:00:00 . Memory (MB): peak = 1966.309 ; gain = 0.000 ; free physical = 7813 ; free virtual = 15976
INFO: [Project 1-111] Unisim Transformation Summary:
No Unisim elements were transformed.

Constraint Validation Runtime : Time (s): cpu = 00:00:00 ; elapsed = 00:00:00 . Memory (MB): peak = 1966.309 ; gain = 0.000 ; free physical = 7828 ; free virtual = 15991
---------------------------------------------------------------------------------
Finished Constraint Validation : Time (s): cpu = 00:00:10 ; elapsed = 00:00:17 . Memory (MB): peak = 1966.312 ; gain = 262.965 ; free physical = 7900 ; free virtual = 16063
---------------------------------------------------------------------------------
---------------------------------------------------------------------------------
Start Loading Part and Timing Information
---------------------------------------------------------------------------------
Loading part: xc7z020clg400-1
---------------------------------------------------------------------------------
Finished Loading Part and Timing Information : Time (s): cpu = 00:00:10 ; elapsed = 00:00:17 . Memory (MB): peak = 1966.312 ; gain = 262.965 ; free physical = 7900 ; free virtual = 16063
---------------------------------------------------------------------------------
---------------------------------------------------------------------------------
Start Applying 'set_property' XDC Constraints
---------------------------------------------------------------------------------
Applied set_property IO_BUFFER_TYPE = NONE for TMDS_0_clk_n. (constraint file  /home/cc/eecs151/sp20/class/eecs151-abm/Downloads/fpga_labs_sp20-master/lab5/z1top_fifo_display_proj/z1top_fifo_display_proj.srcs/sources_1/bd/z1top_fifo_display_bd/ip/z1top_fifo_display_bd_rgb2dvi_0_0/z1top_fifo_display_bd_rgb2dvi_0_0/z1top_fifo_display_bd_rgb2dvi_0_0_in_context.xdc, line 1).
Applied set_property CLOCK_BUFFER_TYPE = NONE for TMDS_0_clk_n. (constraint file  /home/cc/eecs151/sp20/class/eecs151-abm/Downloads/fpga_labs_sp20-master/lab5/z1top_fifo_display_proj/z1top_fifo_display_proj.srcs/sources_1/bd/z1top_fifo_display_bd/ip/z1top_fifo_display_bd_rgb2dvi_0_0/z1top_fifo_display_bd_rgb2dvi_0_0/z1top_fifo_display_bd_rgb2dvi_0_0_in_context.xdc, line 2).
Applied set_property IO_BUFFER_TYPE = NONE for TMDS_0_clk_p. (constraint file  /home/cc/eecs151/sp20/class/eecs151-abm/Downloads/fpga_labs_sp20-master/lab5/z1top_fifo_display_proj/z1top_fifo_display_proj.srcs/sources_1/bd/z1top_fifo_display_bd/ip/z1top_fifo_display_bd_rgb2dvi_0_0/z1top_fifo_display_bd_rgb2dvi_0_0/z1top_fifo_display_bd_rgb2dvi_0_0_in_context.xdc, line 3).
Applied set_property CLOCK_BUFFER_TYPE = NONE for TMDS_0_clk_p. (constraint file  /home/cc/eecs151/sp20/class/eecs151-abm/Downloads/fpga_labs_sp20-master/lab5/z1top_fifo_display_proj/z1top_fifo_display_proj.srcs/sources_1/bd/z1top_fifo_display_bd/ip/z1top_fifo_display_bd_rgb2dvi_0_0/z1top_fifo_display_bd_rgb2dvi_0_0/z1top_fifo_display_bd_rgb2dvi_0_0_in_context.xdc, line 4).
Applied set_property IO_BUFFER_TYPE = NONE for TMDS_0_data_n[0]. (constraint file  /home/cc/eecs151/sp20/class/eecs151-abm/Downloads/fpga_labs_sp20-master/lab5/z1top_fifo_display_proj/z1top_fifo_display_proj.srcs/sources_1/bd/z1top_fifo_display_bd/ip/z1top_fifo_display_bd_rgb2dvi_0_0/z1top_fifo_display_bd_rgb2dvi_0_0/z1top_fifo_display_bd_rgb2dvi_0_0_in_context.xdc, line 5).
Applied set_property CLOCK_BUFFER_TYPE = NONE for TMDS_0_data_n[0]. (constraint file  /home/cc/eecs151/sp20/class/eecs151-abm/Downloads/fpga_labs_sp20-master/lab5/z1top_fifo_display_proj/z1top_fifo_display_proj.srcs/sources_1/bd/z1top_fifo_display_bd/ip/z1top_fifo_display_bd_rgb2dvi_0_0/z1top_fifo_display_bd_rgb2dvi_0_0/z1top_fifo_display_bd_rgb2dvi_0_0_in_context.xdc, line 6).
Applied set_property IO_BUFFER_TYPE = NONE for TMDS_0_data_n[1]. (constraint file  /home/cc/eecs151/sp20/class/eecs151-abm/Downloads/fpga_labs_sp20-master/lab5/z1top_fifo_display_proj/z1top_fifo_display_proj.srcs/sources_1/bd/z1top_fifo_display_bd/ip/z1top_fifo_display_bd_rgb2dvi_0_0/z1top_fifo_display_bd_rgb2dvi_0_0/z1top_fifo_display_bd_rgb2dvi_0_0_in_context.xdc, line 7).
Applied set_property CLOCK_BUFFER_TYPE = NONE for TMDS_0_data_n[1]. (constraint file  /home/cc/eecs151/sp20/class/eecs151-abm/Downloads/fpga_labs_sp20-master/lab5/z1top_fifo_display_proj/z1top_fifo_display_proj.srcs/sources_1/bd/z1top_fifo_display_bd/ip/z1top_fifo_display_bd_rgb2dvi_0_0/z1top_fifo_display_bd_rgb2dvi_0_0/z1top_fifo_display_bd_rgb2dvi_0_0_in_context.xdc, line 8).
Applied set_property IO_BUFFER_TYPE = NONE for TMDS_0_data_n[2]. (constraint file  /home/cc/eecs151/sp20/class/eecs151-abm/Downloads/fpga_labs_sp20-master/lab5/z1top_fifo_display_proj/z1top_fifo_display_proj.srcs/sources_1/bd/z1top_fifo_display_bd/ip/z1top_fifo_display_bd_rgb2dvi_0_0/z1top_fifo_display_bd_rgb2dvi_0_0/z1top_fifo_display_bd_rgb2dvi_0_0_in_context.xdc, line 9).
Applied set_property CLOCK_BUFFER_TYPE = NONE for TMDS_0_data_n[2]. (constraint file  /home/cc/eecs151/sp20/class/eecs151-abm/Downloads/fpga_labs_sp20-master/lab5/z1top_fifo_display_proj/z1top_fifo_display_proj.srcs/sources_1/bd/z1top_fifo_display_bd/ip/z1top_fifo_display_bd_rgb2dvi_0_0/z1top_fifo_display_bd_rgb2dvi_0_0/z1top_fifo_display_bd_rgb2dvi_0_0_in_context.xdc, line 10).
Applied set_property IO_BUFFER_TYPE = NONE for TMDS_0_data_p[0]. (constraint file  /home/cc/eecs151/sp20/class/eecs151-abm/Downloads/fpga_labs_sp20-master/lab5/z1top_fifo_display_proj/z1top_fifo_display_proj.srcs/sources_1/bd/z1top_fifo_display_bd/ip/z1top_fifo_display_bd_rgb2dvi_0_0/z1top_fifo_display_bd_rgb2dvi_0_0/z1top_fifo_display_bd_rgb2dvi_0_0_in_context.xdc, line 11).
Applied set_property CLOCK_BUFFER_TYPE = NONE for TMDS_0_data_p[0]. (constraint file  /home/cc/eecs151/sp20/class/eecs151-abm/Downloads/fpga_labs_sp20-master/lab5/z1top_fifo_display_proj/z1top_fifo_display_proj.srcs/sources_1/bd/z1top_fifo_display_bd/ip/z1top_fifo_display_bd_rgb2dvi_0_0/z1top_fifo_display_bd_rgb2dvi_0_0/z1top_fifo_display_bd_rgb2dvi_0_0_in_context.xdc, line 12).
Applied set_property IO_BUFFER_TYPE = NONE for TMDS_0_data_p[1]. (constraint file  /home/cc/eecs151/sp20/class/eecs151-abm/Downloads/fpga_labs_sp20-master/lab5/z1top_fifo_display_proj/z1top_fifo_display_proj.srcs/sources_1/bd/z1top_fifo_display_bd/ip/z1top_fifo_display_bd_rgb2dvi_0_0/z1top_fifo_display_bd_rgb2dvi_0_0/z1top_fifo_display_bd_rgb2dvi_0_0_in_context.xdc, line 13).
Applied set_property CLOCK_BUFFER_TYPE = NONE for TMDS_0_data_p[1]. (constraint file  /home/cc/eecs151/sp20/class/eecs151-abm/Downloads/fpga_labs_sp20-master/lab5/z1top_fifo_display_proj/z1top_fifo_display_proj.srcs/sources_1/bd/z1top_fifo_display_bd/ip/z1top_fifo_display_bd_rgb2dvi_0_0/z1top_fifo_display_bd_rgb2dvi_0_0/z1top_fifo_display_bd_rgb2dvi_0_0_in_context.xdc, line 14).
Applied set_property IO_BUFFER_TYPE = NONE for TMDS_0_data_p[2]. (constraint file  /home/cc/eecs151/sp20/class/eecs151-abm/Downloads/fpga_labs_sp20-master/lab5/z1top_fifo_display_proj/z1top_fifo_display_proj.srcs/sources_1/bd/z1top_fifo_display_bd/ip/z1top_fifo_display_bd_rgb2dvi_0_0/z1top_fifo_display_bd_rgb2dvi_0_0/z1top_fifo_display_bd_rgb2dvi_0_0_in_context.xdc, line 15).
Applied set_property CLOCK_BUFFER_TYPE = NONE for TMDS_0_data_p[2]. (constraint file  /home/cc/eecs151/sp20/class/eecs151-abm/Downloads/fpga_labs_sp20-master/lab5/z1top_fifo_display_proj/z1top_fifo_display_proj.srcs/sources_1/bd/z1top_fifo_display_bd/ip/z1top_fifo_display_bd_rgb2dvi_0_0/z1top_fifo_display_bd_rgb2dvi_0_0/z1top_fifo_display_bd_rgb2dvi_0_0_in_context.xdc, line 16).
Applied set_property IO_BUFFER_TYPE = NONE for CLK_125MHZ_FPGA. (constraint file  /home/cc/eecs151/sp20/class/eecs151-abm/Downloads/fpga_labs_sp20-master/lab5/z1top_fifo_display_proj/z1top_fifo_display_proj.srcs/sources_1/bd/z1top_fifo_display_bd/ip/z1top_fifo_display_bd_z1top_fifo_display_0_0/z1top_fifo_display_bd_z1top_fifo_display_0_0/z1top_fifo_display_bd_z1top_fifo_display_0_0_in_context.xdc, line 1).
Applied set_property CLOCK_BUFFER_TYPE = NONE for CLK_125MHZ_FPGA. (constraint file  /home/cc/eecs151/sp20/class/eecs151-abm/Downloads/fpga_labs_sp20-master/lab5/z1top_fifo_display_proj/z1top_fifo_display_proj.srcs/sources_1/bd/z1top_fifo_display_bd/ip/z1top_fifo_display_bd_z1top_fifo_display_0_0/z1top_fifo_display_bd_z1top_fifo_display_0_0/z1top_fifo_display_bd_z1top_fifo_display_0_0_in_context.xdc, line 2).
Applied set_property DONT_TOUCH = true for z1top_fifo_display_bd_i. (constraint file  auto generated constraint, line ).
Applied set_property DONT_TOUCH = true for z1top_fifo_display_bd_i/rgb2dvi_0. (constraint file  auto generated constraint, line ).
Applied set_property DONT_TOUCH = true for z1top_fifo_display_bd_i/z1top_fifo_display_0. (constraint file  auto generated constraint, line ).
---------------------------------------------------------------------------------
Finished applying 'set_property' XDC Constraints : Time (s): cpu = 00:00:10 ; elapsed = 00:00:17 . Memory (MB): peak = 1966.312 ; gain = 262.965 ; free physical = 7905 ; free virtual = 16065
---------------------------------------------------------------------------------
---------------------------------------------------------------------------------
Finished RTL Optimization Phase 2 : Time (s): cpu = 00:00:10 ; elapsed = 00:00:17 . Memory (MB): peak = 1966.320 ; gain = 262.973 ; free physical = 7903 ; free virtual = 16065
---------------------------------------------------------------------------------

Report RTL Partitions: 
+-+--------------+------------+----------+
| |RTL Partition |Replication |Instances |
+-+--------------+------------+----------+
+-+--------------+------------+----------+
---------------------------------------------------------------------------------
Start RTL Component Statistics 
---------------------------------------------------------------------------------
Detailed RTL Component Info : 
---------------------------------------------------------------------------------
Finished RTL Component Statistics 
---------------------------------------------------------------------------------
---------------------------------------------------------------------------------
Start RTL Hierarchical Component Statistics 
---------------------------------------------------------------------------------
Hierarchical RTL Component report 
---------------------------------------------------------------------------------
Finished RTL Hierarchical Component Statistics
---------------------------------------------------------------------------------
---------------------------------------------------------------------------------
Start Part Resource Summary
---------------------------------------------------------------------------------
Part Resources:
DSPs: 220 (col length:60)
BRAMs: 280 (col length: RAMB18 60 RAMB36 30)
---------------------------------------------------------------------------------
Finished Part Resource Summary
---------------------------------------------------------------------------------
---------------------------------------------------------------------------------
Start Cross Boundary and Area Optimization
---------------------------------------------------------------------------------
Warning: Parallel synthesis criteria is not met 
---------------------------------------------------------------------------------
Finished Cross Boundary and Area Optimization : Time (s): cpu = 00:00:11 ; elapsed = 00:00:17 . Memory (MB): peak = 1966.320 ; gain = 262.973 ; free physical = 7881 ; free virtual = 16044
---------------------------------------------------------------------------------

Report RTL Partitions: 
+-+--------------+------------+----------+
| |RTL Partition |Replication |Instances |
+-+--------------+------------+----------+
+-+--------------+------------+----------+
---------------------------------------------------------------------------------
Start Applying XDC Timing Constraints
---------------------------------------------------------------------------------
---------------------------------------------------------------------------------
Finished Applying XDC Timing Constraints : Time (s): cpu = 00:00:17 ; elapsed = 00:00:23 . Memory (MB): peak = 1987.312 ; gain = 283.965 ; free physical = 7767 ; free virtual = 15931
---------------------------------------------------------------------------------
---------------------------------------------------------------------------------
Start Timing Optimization
---------------------------------------------------------------------------------
---------------------------------------------------------------------------------
Finished Timing Optimization : Time (s): cpu = 00:00:17 ; elapsed = 00:00:23 . Memory (MB): peak = 1987.312 ; gain = 283.965 ; free physical = 7767 ; free virtual = 15931
---------------------------------------------------------------------------------

Report RTL Partitions: 
+-+--------------+------------+----------+
| |RTL Partition |Replication |Instances |
+-+--------------+------------+----------+
+-+--------------+------------+----------+
---------------------------------------------------------------------------------
Start Technology Mapping
---------------------------------------------------------------------------------
---------------------------------------------------------------------------------
Finished Technology Mapping : Time (s): cpu = 00:00:17 ; elapsed = 00:00:23 . Memory (MB): peak = 1997.320 ; gain = 293.973 ; free physical = 7766 ; free virtual = 15930
---------------------------------------------------------------------------------

Report RTL Partitions: 
+-+--------------+------------+----------+
| |RTL Partition |Replication |Instances |
+-+--------------+------------+----------+
+-+--------------+------------+----------+
---------------------------------------------------------------------------------
Start IO Insertion
---------------------------------------------------------------------------------
---------------------------------------------------------------------------------
Start Flattening Before IO Insertion
---------------------------------------------------------------------------------
---------------------------------------------------------------------------------
Finished Flattening Before IO Insertion
---------------------------------------------------------------------------------
---------------------------------------------------------------------------------
Start Final Netlist Cleanup
---------------------------------------------------------------------------------
---------------------------------------------------------------------------------
Finished Final Netlist Cleanup
---------------------------------------------------------------------------------
---------------------------------------------------------------------------------
Finished IO Insertion : Time (s): cpu = 00:00:18 ; elapsed = 00:00:25 . Memory (MB): peak = 2011.199 ; gain = 307.852 ; free physical = 7766 ; free virtual = 15929
---------------------------------------------------------------------------------

Report Check Netlist: 
+------+------------------+-------+---------+-------+------------------+
|      |Item              |Errors |Warnings |Status |Description       |
+------+------------------+-------+---------+-------+------------------+
|1     |multi_driven_nets |      0|        0|Passed |Multi driven nets |
+------+------------------+-------+---------+-------+------------------+
---------------------------------------------------------------------------------
Start Renaming Generated Instances
---------------------------------------------------------------------------------
---------------------------------------------------------------------------------
Finished Renaming Generated Instances : Time (s): cpu = 00:00:18 ; elapsed = 00:00:25 . Memory (MB): peak = 2011.199 ; gain = 307.852 ; free physical = 7766 ; free virtual = 15929
---------------------------------------------------------------------------------

Report RTL Partitions: 
+-+--------------+------------+----------+
| |RTL Partition |Replication |Instances |
+-+--------------+------------+----------+
+-+--------------+------------+----------+
---------------------------------------------------------------------------------
Start Rebuilding User Hierarchy
---------------------------------------------------------------------------------
---------------------------------------------------------------------------------
Finished Rebuilding User Hierarchy : Time (s): cpu = 00:00:18 ; elapsed = 00:00:25 . Memory (MB): peak = 2011.199 ; gain = 307.852 ; free physical = 7766 ; free virtual = 15929
---------------------------------------------------------------------------------
---------------------------------------------------------------------------------
Start Renaming Generated Ports
---------------------------------------------------------------------------------
---------------------------------------------------------------------------------
Finished Renaming Generated Ports : Time (s): cpu = 00:00:18 ; elapsed = 00:00:25 . Memory (MB): peak = 2011.199 ; gain = 307.852 ; free physical = 7766 ; free virtual = 15929
---------------------------------------------------------------------------------
---------------------------------------------------------------------------------
Start Handling Custom Attributes
---------------------------------------------------------------------------------
---------------------------------------------------------------------------------
Finished Handling Custom Attributes : Time (s): cpu = 00:00:18 ; elapsed = 00:00:25 . Memory (MB): peak = 2011.199 ; gain = 307.852 ; free physical = 7766 ; free virtual = 15929
---------------------------------------------------------------------------------
---------------------------------------------------------------------------------
Start Renaming Generated Nets
---------------------------------------------------------------------------------
---------------------------------------------------------------------------------
Finished Renaming Generated Nets : Time (s): cpu = 00:00:18 ; elapsed = 00:00:25 . Memory (MB): peak = 2011.199 ; gain = 307.852 ; free physical = 7766 ; free virtual = 15929
---------------------------------------------------------------------------------
---------------------------------------------------------------------------------
Start Writing Synthesis Report
---------------------------------------------------------------------------------

Report BlackBoxes: 
+------+---------------------------------------------+----------+
|      |BlackBox name                                |Instances |
+------+---------------------------------------------+----------+
|1     |z1top_fifo_display_bd_rgb2dvi_0_0            |         1|
|2     |z1top_fifo_display_bd_z1top_fifo_display_0_0 |         1|
+------+---------------------------------------------+----------+

Report Cell Usage: 
+------+---------------------------------------------+------+
|      |Cell                                         |Count |
+------+---------------------------------------------+------+
|1     |z1top_fifo_display_bd_rgb2dvi_0_0            |     1|
|2     |z1top_fifo_display_bd_z1top_fifo_display_0_0 |     1|
|3     |IBUF                                         |     6|
|4     |OBUF                                         |     6|
+------+---------------------------------------------+------+

Report Instance Areas: 
+------+--------------------------+----------------------+------+
|      |Instance                  |Module                |Cells |
+------+--------------------------+----------------------+------+
|1     |top                       |                      |    54|
|2     |  z1top_fifo_display_bd_i |z1top_fifo_display_bd |    42|
+------+--------------------------+----------------------+------+
---------------------------------------------------------------------------------
Finished Writing Synthesis Report : Time (s): cpu = 00:00:18 ; elapsed = 00:00:25 . Memory (MB): peak = 2011.199 ; gain = 307.852 ; free physical = 7766 ; free virtual = 15929
---------------------------------------------------------------------------------
Synthesis finished with 0 errors, 0 critical warnings and 0 warnings.
Synthesis Optimization Runtime : Time (s): cpu = 00:00:16 ; elapsed = 00:00:22 . Memory (MB): peak = 2011.199 ; gain = 257.156 ; free physical = 7822 ; free virtual = 15986
Synthesis Optimization Complete : Time (s): cpu = 00:00:18 ; elapsed = 00:00:25 . Memory (MB): peak = 2011.203 ; gain = 307.852 ; free physical = 7836 ; free virtual = 16000
INFO: [Project 1-571] Translating synthesized netlist
INFO: [Project 1-570] Preparing netlist for logic optimization
INFO: [Opt 31-138] Pushed 0 inverter(s) to 0 load pin(s).
Netlist sorting complete. Time (s): cpu = 00:00:00 ; elapsed = 00:00:00 . Memory (MB): peak = 2023.105 ; gain = 0.000 ; free physical = 7758 ; free virtual = 15923
INFO: [Project 1-111] Unisim Transformation Summary:
No Unisim elements were transformed.

INFO: [Common 17-83] Releasing license: Synthesis
21 Infos, 9 Warnings, 0 Critical Warnings and 0 Errors encountered.
synth_design completed successfully
synth_design: Time (s): cpu = 00:00:23 ; elapsed = 00:00:31 . Memory (MB): peak = 2023.105 ; gain = 519.617 ; free physical = 7861 ; free virtual = 16022
Netlist sorting complete. Time (s): cpu = 00:00:00 ; elapsed = 00:00:00 . Memory (MB): peak = 2023.105 ; gain = 0.000 ; free physical = 7861 ; free virtual = 16022
WARNING: [Constraints 18-5210] No constraints selected for write.
Resolution: This message can indicate that there are no constraints for the design, or it can indicate that the used_in flags are set such that the constraints are ignored. This later case is used when running synth_design to not write synthesis constraints to the resulting checkpoint. Instead, project constraints are read when the synthesized design is opened.
INFO: [Common 17-1381] The checkpoint '/home/cc/eecs151/sp20/class/eecs151-abm/Downloads/fpga_labs_sp20-master/lab5/z1top_fifo_display_proj/z1top_fifo_display_proj.runs/synth_1/z1top_fifo_display_bd_wrapper.dcp' has been generated.
INFO: [runtcl-4] Executing : report_utilization -file z1top_fifo_display_bd_wrapper_utilization_synth.rpt -pb z1top_fifo_display_bd_wrapper_utilization_synth.pb
INFO: [Common 17-206] Exiting Vivado at Wed Feb 26 18:35:14 2020...
