#-----------------------------------------------------------
# Vivado v2019.1 (64-bit)
# SW Build 2552052 on Fri May 24 14:47:09 MDT 2019
# IP Build 2548770 on Fri May 24 18:01:18 MDT 2019
# Start of session at: Wed Feb 26 18:00:06 2020
# Process ID: 25986
# Current directory: /home/cc/eecs151/sp20/class/eecs151-abm/Downloads/fpga_labs_sp20-master/lab5
# Command line: vivado -mode batch -source scripts/program_fpga.tcl -tclargs z1top_fifo_display.bit
# Log file: /home/cc/eecs151/sp20/class/eecs151-abm/Downloads/fpga_labs_sp20-master/lab5/vivado.log
# Journal file: /home/cc/eecs151/sp20/class/eecs151-abm/Downloads/fpga_labs_sp20-master/lab5/vivado.jou
#-----------------------------------------------------------
source scripts/program_fpga.tcl
# set bitstream_file [lindex $argv 0]
# puts ${bitstream_file}
z1top_fifo_display.bit
# open_hw_manager
invalid command name "open_hw_manager"
    while executing
"open_hw_manager"
    (file "scripts/program_fpga.tcl" line 5)
INFO: [Common 17-206] Exiting Vivado at Wed Feb 26 18:00:16 2020...
